Removed Pin From Net: NetName=GND Pin=MCU-14
Removed Pin From Net: NetName=NetC1_1 Pin=MCU-19
Removed Pin From Net: NetName=GND Pin=MCU-20
Removed Pin From Net: NetName=GND Pin=MCU-26
Added Component: Designator=U(MODULE_ESP32-DEVKITC-32D)
Add component. Clean all parameters for all variants
Add component (AddParameter): Name = "Availability"; Value = "Unavailable"; VariantName = "[No Variations]"
Add component (AddParameter): Name = "MF"; Value = "Espressif Systems"; VariantName = "[No Variations]"
Add component (AddParameter): Name = "MP"; Value = "ESP32-DEVKITC-32D"; VariantName = "[No Variations]"
Add component (AddParameter): Name = "Package"; Value = "None"; VariantName = "[No Variations]"
Add component (AddParameter): Name = "Price"; Value = "None"; VariantName = "[No Variations]"
Add component (AddParameter): Name = "SnapEDA_Link"; Value = "https://www.snapeda.com/parts/ESP32-DEVKITC-32D/Espressif%20Systems/view-part/2777395/?ref=snap"; VariantName = "[No Variations]"
Add component (AddParameter): Name = "Value"; Value = ""; VariantName = "[No Variations]"
Added Pin To Net: NetName=GND Pin=U-14
Added Pin To Net: NetName=NetC1_1 Pin=U-19
Added Pin To Net: NetName=GND Pin=U-20
Added Pin To Net: NetName=GND Pin=U-26
Added Pin To Net: NetName=Re_Sig Pin=U-29
Added Member To Class: ClassName=Sheet2 Member=Component U ESP32-DEVKITC-32D
Added Room: Name=Sheet2
