Removed Pin From Net: NetName=Net220VAC_1 Pin=220VAC_1-1
Removed Pin From Net: NetName=Net220VAC_2 Pin=220VAC_1-2
Removed Pin From Net: NetName=GND Pin=MCU_1-14
Removed Pin From Net: NetName=GND Pin=MCU_1-20
Removed Pin From Net: NetName=GND Pin=MCU_1-26
Removed Pin From Net: NetName=Net220VAC_2 Pin=PS_1-1
Removed Pin From Net: NetName=Net220VAC_1 Pin=PS_1-2
Removed Pin From Net: NetName=GND Pin=PS_1-3
Removed Pin From Net: NetName=NetC1_1 Pin=PS_1-4
Added Component: Designator=220VAC(TE_282837-2)
Add component. Clean all parameters for all variants
Add component (AddParameter): Name = "Comment_1"; Value = ""; VariantName = "[No Variations]"
Add component (AddParameter): Name = "Digi-Key_Part_Number"; Value = "A113320-ND"; VariantName = "[No Variations]"
Add component (AddParameter): Name = "Digi-Key_Purchase_URL"; Value = "https://www.digikey.in/product-detail/en/te-connectivity-amp-connectors/282837-2/A113320-ND/2187973?utm_source=snapeda&utm_medium=aggregator&utm_campaign=symbol"; VariantName = "[No Variations]"
Add component (AddParameter): Name = "MF"; Value = "TE Connectivity"; VariantName = "[No Variations]"
Add component (AddParameter): Name = "MP"; Value = "282837-2"; VariantName = "[No Variations]"
Add component (AddParameter): Name = "Package"; Value = "None"; VariantName = "[No Variations]"
Add component (AddParameter): Name = "SnapEDA_Link"; Value = "https://www.snapeda.com/parts/282837-2/TE%20Connectivity%20AMP%20Connectors/view-part/2549980/?ref=snap"; VariantName = "[No Variations]"
Add component (AddParameter): Name = "TE_purchase_URL"; Value = "https://www.te.com/usa-en/product-282837-2.html?te_bu=Cor&te_type=disp&te_campaign=seda_glo_cor-seda-global-disp-prtnr-fy19-seda-model-bom-cta_sma-317_1&elqCampaignId=32493"; VariantName = "[No Variations]"
Add component (AddParameter): Name = "Value"; Value = ""; VariantName = "[No Variations]"
Added Component: Designator=MCU(MODULE_ESP32-DEVKITC-32D)
Add component. Clean all parameters for all variants
Add component (AddParameter): Name = "Availability"; Value = "Unavailable"; VariantName = "[No Variations]"
Add component (AddParameter): Name = "MF"; Value = "Espressif Systems"; VariantName = "[No Variations]"
Add component (AddParameter): Name = "MP"; Value = "ESP32-DEVKITC-32D"; VariantName = "[No Variations]"
Add component (AddParameter): Name = "Package"; Value = "None"; VariantName = "[No Variations]"
Add component (AddParameter): Name = "Price"; Value = "None"; VariantName = "[No Variations]"
Add component (AddParameter): Name = "SnapEDA_Link"; Value = "https://www.snapeda.com/parts/ESP32-DEVKITC-32D/Espressif%20Systems/view-part/2777395/?ref=snap"; VariantName = "[No Variations]"
Add component (AddParameter): Name = "Value"; Value = ""; VariantName = "[No Variations]"
Added Component: Designator=PS(HLKPM01)
Add component. Clean all parameters for all variants
Add component (AddParameter): Name = "Availability"; Value = "Unavailable"; VariantName = "[No Variations]"
Add component (AddParameter): Name = "MF"; Value = "Hi-link"; VariantName = "[No Variations]"
Add component (AddParameter): Name = "MP"; Value = "hlk-pm01"; VariantName = "[No Variations]"
Add component (AddParameter): Name = "Package"; Value = "Package Analog Devices"; VariantName = "[No Variations]"
Add component (AddParameter): Name = "Price"; Value = "None"; VariantName = "[No Variations]"
Add component (AddParameter): Name = "SnapEDA_Link"; Value = "https://www.snapeda.com/parts/hlk-pm01/Hi-link/view-part/2875605/?ref=snap"; VariantName = "[No Variations]"
Add component (AddParameter): Name = "Value"; Value = ""; VariantName = "[No Variations]"
Added Pin To Net: NetName=Net220VAC_1 Pin=220VAC-1
Added Pin To Net: NetName=Net220VAC_2 Pin=220VAC-2
Added Pin To Net: NetName=GND Pin=MCU-14
Added Pin To Net: NetName=NetC1_1 Pin=MCU-19
Added Pin To Net: NetName=GND Pin=MCU-20
Added Pin To Net: NetName=GND Pin=MCU-26
Added Pin To Net: NetName=Re_Sig Pin=MCU-29
Added Pin To Net: NetName=Net220VAC_2 Pin=PS-1
Added Pin To Net: NetName=Net220VAC_1 Pin=PS-2
Added Pin To Net: NetName=GND Pin=PS-3
Added Pin To Net: NetName=NetC1_1 Pin=PS-4
Added Pin To Net: NetName=NetC1_1 Pin=Q1-1
Added Member To Class: ClassName=Sheet2 Member=Component 220VAC 282837-2
Added Member To Class: ClassName=Sheet2 Member=Component C1 
Added Member To Class: ClassName=Sheet2 Member=Component D1 Diode 1N4001
Added Member To Class: ClassName=Sheet2 Member=Component K SRD-05VDC-SL-C
Added Member To Class: ClassName=Sheet2 Member=Component MCU ESP32-DEVKITC-32D
Added Member To Class: ClassName=Sheet2 Member=Component PS_Ctrl 282837-2
Added Member To Class: ClassName=Sheet2 Member=Component PS HLK-PM01
Added Member To Class: ClassName=Sheet2 Member=Component Q1 2N3906
Added Member To Class: ClassName=Sheet2 Member=Component R1 
Added Room: Name=Sheet2
